<?xml version="1.0" encoding="UTF-8"?>
<!-- Generated by org.testng.reporters.JUnitReportReporter -->
<testsuite hostname="DESKTOP-5OFU7GF" failures="0" tests="1" name="testNG.TestNGTesting1" time="0.029" errors="0" timestamp="2020-11-27T14:05:33 IST" skipped="0">
  <testcase classname="testNG.TestNGTesting1" name="feature1" time="0.029"/>
  <system-out/>
</testsuite> <!-- testNG.TestNGTesting1 -->
